<?xml version="1.0" encoding="UTF-8"?>
<!-- Generated by org.testng.reporters.JUnitXMLReporter -->
<testsuite ignored="0" hostname="DESKTOP-FT4TQ7O" failures="0" tests="3" name="Default test" time="12.479" errors="0" timestamp="2022-11-15T22:44:43 EET">
  <testcase classname="webDriverManegar.Login" name="test_Title_facebook" time="0.022"/>
  <testcase classname="webDriverManegar.Login" name="test_Title_google" time="0.016"/>
  <testcase classname="webDriverManegar.Login" name="test_title_linkedin" time="0.005"/>
</testsuite> <!-- Default test -->
