<?xml version="1.0" encoding="UTF-8"?>
<testng-results ignored="0" total="3" passed="3" failed="0" skipped="0">
  <reporter-output>
  </reporter-output>
  <suite started-at="2022-11-15T22:44:30 EET" name="Default suite" finished-at="2022-11-15T22:44:43 EET" duration-ms="12479">
    <groups>
    </groups>
    <test started-at="2022-11-15T22:44:30 EET" name="Default test" finished-at="2022-11-15T22:44:43 EET" duration-ms="12479">
      <class name="webDriverManegar.Login">
        <test-method is-config="true" signature="login()[pri:0, instance:webDriverManegar.Login@3ce1e309]" started-at="2022-11-15T22:44:30 EET" name="login" finished-at="2022-11-15T22:44:43 EET" duration-ms="12394" status="PASS">
          <reporter-output>
          </reporter-output>
        </test-method> <!-- login -->
        <test-method signature="test_Title_facebook()[pri:0, instance:webDriverManegar.Login@3ce1e309]" started-at="2022-11-15T22:44:43 EET" name="test_Title_facebook" finished-at="2022-11-15T22:44:43 EET" duration-ms="22" status="PASS">
          <reporter-output>
          </reporter-output>
        </test-method> <!-- test_Title_facebook -->
        <test-method signature="test_Title_google()[pri:0, instance:webDriverManegar.Login@3ce1e309]" started-at="2022-11-15T22:44:43 EET" name="test_Title_google" finished-at="2022-11-15T22:44:43 EET" duration-ms="16" status="PASS">
          <reporter-output>
          </reporter-output>
        </test-method> <!-- test_Title_google -->
        <test-method signature="test_title_linkedin()[pri:0, instance:webDriverManegar.Login@3ce1e309]" started-at="2022-11-15T22:44:43 EET" name="test_title_linkedin" finished-at="2022-11-15T22:44:43 EET" duration-ms="5" status="PASS">
          <reporter-output>
          </reporter-output>
        </test-method> <!-- test_title_linkedin -->
      </class> <!-- webDriverManegar.Login -->
    </test> <!-- Default test -->
  </suite> <!-- Default suite -->
</testng-results>
